<?xml version="1.0" encoding="UTF-8"?>
<testng-results skipped="0" failed="0" total="1" passed="1">
  <reporter-output>
  </reporter-output>
  <suite name="Default suite" duration-ms="18583" started-at="2012-06-19T00:58:57Z" finished-at="2012-06-19T00:59:16Z">
    <groups>
    </groups>
    <test name="Default test" duration-ms="18583" started-at="2012-06-19T00:58:57Z" finished-at="2012-06-19T00:59:16Z">
      <class name="com.swat.example.tests.LoginPositiveTest">
        <test-method status="PASS" signature="setUpBeforeSuite()[pri:0, instance:com.swat.example.tests.LoginPositiveTest@f73c1]" name="setUpBeforeSuite" is-config="true" duration-ms="15" started-at="2012-06-19T00:58:57Z" finished-at="2012-06-19T00:58:57Z">
        </test-method>
        <test-method status="PASS" signature="loginAsAdminPositive()[pri:0, instance:com.swat.example.tests.LoginPositiveTest@f73c1]" name="loginAsAdminPositive" duration-ms="18583" started-at="2012-06-19T00:58:57Z" finished-at="2012-06-19T00:59:16Z">
        </test-method>
        <test-method status="PASS" signature="setUpBeforeClass()[pri:0, instance:com.swat.example.tests.LoginPositiveTest@f73c1]" name="setUpBeforeClass" is-config="true" duration-ms="0" started-at="2012-06-19T00:58:57Z" finished-at="2012-06-19T00:58:57Z">
        </test-method>
        <test-method status="PASS" signature="tearDownAfterSuite()[pri:0, instance:com.swat.example.tests.LoginPositiveTest@f73c1]" name="tearDownAfterSuite" is-config="true" duration-ms="376" started-at="2012-06-19T00:59:16Z" finished-at="2012-06-19T00:59:16Z">
        </test-method>
      </class>
    </test>
  </suite>
</testng-results>
